<?xml version="1.0" encoding="UTF-8"?>
<!-- Generated by org.testng.reporters.JUnitReportReporter -->
<testsuite hostname="SHASHANK" name="scripts.ValidFBLoginLogout" tests="1" failures="0" timestamp="9 Feb 2018 15:02:47 GMT" time="56.201" errors="0">
  <testcase name="logintoFB" time="56.201" classname="scripts.ValidFBLoginLogout"/>
</testsuite> <!-- scripts.ValidFBLoginLogout -->
