<?xml version="1.0" encoding="UTF-8"?>
<!-- Generated by org.testng.reporters.JUnitReportReporter -->
<testsuite hostname="SHASHANK" name="scripts.FBHomepage" tests="1" failures="0" timestamp="6 Feb 2018 14:49:45 GMT" time="49.469" errors="0">
  <testcase name="openHomepage" time="49.469" classname="scripts.FBHomepage"/>
</testsuite> <!-- scripts.FBHomepage -->
