<?xml version="1.0" encoding="UTF-8"?>
<!-- Generated by org.testng.reporters.JUnitReportReporter -->
<testsuite hostname="SHASHANK" name="scripts.ValidFBLogin" tests="1" failures="0" timestamp="6 Feb 2018 17:36:42 GMT" time="71.686" errors="0">
  <testcase name="logintoFB" time="71.686" classname="scripts.ValidFBLogin"/>
</testsuite> <!-- scripts.ValidFBLogin -->
