<?xml version="1.0" encoding="UTF-8"?>
<!-- Generated by org.testng.reporters.JUnitReportReporter -->
<testsuite hostname="SHASHANK" name="scripts.InvalidLogin" tests="1" failures="0" timestamp="11 Feb 2018 12:15:16 GMT" time="25.095" errors="0">
  <testcase name="testInvalidLogin" time="25.095" classname="scripts.InvalidLogin"/>
</testsuite> <!-- scripts.InvalidLogin -->
